# JRE version: 7.0_09-b05
# Java VM: Java HotSpot(TM) Client VM (23.5-b02 mixed mode windows-x86 )
Heap
 def new generation   total 4928K, used 1406K [0x03f20000, 0x04470000, 0x09470000)
  eden space 4416K,  29% used [0x03f20000, 0x04068040, 0x04370000)
  from space 512K,  18% used [0x043f0000, 0x04407878, 0x04470000)
  to   space 512K,   0% used [0x04370000, 0x04370000, 0x043f0000)
 tenured generation   total 10944K, used 5863K [0x09470000, 0x09f20000, 0x13f20000)
   the space 10944K,  53% used [0x09470000, 0x09a29e80, 0x09a2a000, 0x09f20000)
 compacting perm gen  total 13056K, used 12875K [0x13f20000, 0x14be0000, 0x17f20000)
   the space 13056K,  98% used [0x13f20000, 0x14bb2ee8, 0x14bb3000, 0x14be0000)
GC Heap History (10 events):
Event: 10.751 GC heap before
{Heap before GC invocations=36 (full 0):
 def new generation   total 4928K, used 4628K [0x03f20000, 0x04470000, 0x09470000)
  eden space 4416K, 100% used [0x03f20000, 0x04370000, 0x04370000)
  from space 512K,  41% used [0x04370000, 0x043a5268, 0x043f0000)
  to   space 512K,   0% used [0x043f0000, 0x043f0000, 0x04470000)
 tenured generation   total 10944K, used 5534K [0x09470000, 0x09f20000, 0x13f20000)
   the space 10944K,  50% used [0x09470000, 0x099d79a8, 0x099d7a00, 0x09f20000)
 compacting perm gen  total 12544K, used 12501K [0x13f20000, 0x14b60000, 0x17f20000)
   the space 12544K,  99% used [0x13f20000, 0x14b55490, 0x14b55600, 0x14b60000)
No shared spaces configured.
Event: 10.755 GC heap after
Heap after GC invocations=37 (full 0):
 def new generation   total 4928K, used 324K [0x03f20000, 0x04470000, 0x09470000)
  eden space 4416K,   0% used [0x03f20000, 0x03f20000, 0x04370000)
  from space 512K,  63% used [0x043f0000, 0x04441338, 0x04470000)
  to   space 512K,   0% used [0x04370000, 0x04370000, 0x043f0000)
 tenured generation   total 10944K, used 5534K [0x09470000, 0x09f20000, 0x13f20000)
   the space 10944K,  50% used [0x09470000, 0x099d79a8, 0x099d7a00, 0x09f20000)
 compacting perm gen  total 12544K, used 12501K [0x13f20000, 0x14b60000, 0x17f20000)
   the space 12544K,  99% used [0x13f20000, 0x14b55490, 0x14b55600, 0x14b60000)
No shared spaces configured.
}
Event: 10.862 GC heap before
{Heap before GC invocations=37 (full 0):
 def new generation   total 4928K, used 4740K [0x03f20000, 0x04470000, 0x09470000)
  eden space 4416K, 100% used [0x03f20000, 0x04370000, 0x04370000)
  from space 512K,  63% used [0x043f0000, 0x04441338, 0x04470000)
  to   space 512K,   0% used [0x04370000, 0x04370000, 0x043f0000)
 tenured generation   total 10944K, used 5534K [0x09470000, 0x09f20000, 0x13f20000)
   the space 10944K,  50% used [0x09470000, 0x099d79a8, 0x099d7a00, 0x09f20000)
 compacting perm gen  total 12800K, used 12588K [0x13f20000, 0x14ba0000, 0x17f20000)
   the space 12800K,  98% used [0x13f20000, 0x14b6b3f0, 0x14b6b400, 0x14ba0000)
No shared spaces configured.
Event: 10.866 GC heap after
Heap after GC invocations=38 (full 0):
 def new generation   total 4928K, used 475K [0x03f20000, 0x04470000, 0x09470000)
  eden space 4416K,   0% used [0x03f20000, 0x03f20000, 0x04370000)
  from space 512K,  92% used [0x04370000, 0x043e6eb8, 0x043f0000)
  to   space 512K,   0% used [0x043f0000, 0x043f0000, 0x04470000)
 tenured generation   total 10944K, used 5644K [0x09470000, 0x09f20000, 0x13f20000)
   the space 10944K,  51% used [0x09470000, 0x099f3220, 0x099f3400, 0x09f20000)
 compacting perm gen  total 12800K, used 12588K [0x13f20000, 0x14ba0000, 0x17f20000)
   the space 12800K,  98% used [0x13f20000, 0x14b6b3f0, 0x14b6b400, 0x14ba0000)
No shared spaces configured.
}
Event: 45.767 GC heap before
{Heap before GC invocations=38 (full 0):
 def new generation   total 4928K, used 4891K [0x03f20000, 0x04470000, 0x09470000)
  eden space 4416K, 100% used [0x03f20000, 0x04370000, 0x04370000)
  from space 512K,  92% used [0x04370000, 0x043e6eb8, 0x043f0000)
  to   space 512K,   0% used [0x043f0000, 0x043f0000, 0x04470000)
 tenured generation   total 10944K, used 5644K [0x09470000, 0x09f20000, 0x13f20000)
   the space 10944K,  51% used [0x09470000, 0x099f3220, 0x099f3400, 0x09f20000)
 compacting perm gen  total 12800K, used 12755K [0x13f20000, 0x14ba0000, 0x17f20000)
   the space 12800K,  99% used [0x13f20000, 0x14b94e30, 0x14b95000, 0x14ba0000)
No shared spaces configured.
Event: 45.771 GC heap after
Heap after GC invocations=39 (full 0):
 def new generation   total 4928K, used 108K [0x03f20000, 0x04470000, 0x09470000)
  eden space 4416K,   0% used [0x03f20000, 0x03f20000, 0x04370000)
  from space 512K,  21% used [0x043f0000, 0x0440b190, 0x04470000)
  to   space 512K,   0% used [0x04370000, 0x04370000, 0x043f0000)
 tenured generation   total 10944K, used 5863K [0x09470000, 0x09f20000, 0x13f20000)
   the space 10944K,  53% used [0x09470000, 0x09a29e80, 0x09a2a000, 0x09f20000)
 compacting perm gen  total 12800K, used 12755K [0x13f20000, 0x14ba0000, 0x17f20000)
   the space 12800K,  99% used [0x13f20000, 0x14b94e30, 0x14b95000, 0x14ba0000)
No shared spaces configured.
}
Event: 45.844 GC heap before
{Heap before GC invocations=39 (full 0):
 def new generation   total 4928K, used 4524K [0x03f20000, 0x04470000, 0x09470000)
  eden space 4416K, 100% used [0x03f20000, 0x04370000, 0x04370000)
  from space 512K,  21% used [0x043f0000, 0x0440b190, 0x04470000)
  to   space 512K,   0% used [0x04370000, 0x04370000, 0x043f0000)
 tenured generation   total 10944K, used 5863K [0x09470000, 0x09f20000, 0x13f20000)
   the space 10944K,  53% used [0x09470000, 0x09a29e80, 0x09a2a000, 0x09f20000)
 compacting perm gen  total 12800K, used 12755K [0x13f20000, 0x14ba0000, 0x17f20000)
   the space 12800K,  99% used [0x13f20000, 0x14b94e50, 0x14b95000, 0x14ba0000)
No shared spaces configured.
Event: 45.846 GC heap after
Heap after GC invocations=40 (full 0):
 def new generation   total 4928K, used 124K [0x03f20000, 0x04470000, 0x09470000)
  eden space 4416K,   0% used [0x03f20000, 0x03f20000, 0x04370000)
  from space 512K,  24% used [0x04370000, 0x0438f288, 0x043f0000)
  to   space 512K,   0% used [0x043f0000, 0x043f0000, 0x04470000)
 tenured generation   total 10944K, used 5863K [0x09470000, 0x09f20000, 0x13f20000)
   the space 10944K,  53% used [0x09470000, 0x09a29e80, 0x09a2a000, 0x09f20000)
 compacting perm gen  total 12800K, used 12755K [0x13f20000, 0x14ba0000, 0x17f20000)
   the space 12800K,  99% used [0x13f20000, 0x14b94e50, 0x14b95000, 0x14ba0000)
No shared spaces configured.
}
Event: 46.502 GC heap before
{Heap before GC invocations=40 (full 0):
 def new generation   total 4928K, used 4540K [0x03f20000, 0x04470000, 0x09470000)
  eden space 4416K, 100% used [0x03f20000, 0x04370000, 0x04370000)
  from space 512K,  24% used [0x04370000, 0x0438f288, 0x043f0000)
  to   space 512K,   0% used [0x043f0000, 0x043f0000, 0x04470000)
 tenured generation   total 10944K, used 5863K [0x09470000, 0x09f20000, 0x13f20000)
   the space 10944K,  53% used [0x09470000, 0x09a29e80, 0x09a2a000, 0x09f20000)
 compacting perm gen  total 12800K, used 12755K [0x13f20000, 0x14ba0000, 0x17f20000)
   the space 12800K,  99% used [0x13f20000, 0x14b94e50, 0x14b95000, 0x14ba0000)
No shared spaces configured.
Event: 46.505 GC heap after
Heap after GC invocations=41 (full 0):
 def new generation   total 4928K, used 94K [0x03f20000, 0x04470000, 0x09470000)
  eden space 4416K,   0% used [0x03f20000, 0x03f20000, 0x04370000)
  from space 512K,  18% used [0x043f0000, 0x04407878, 0x04470000)
  to   space 512K,   0% used [0x04370000, 0x04370000, 0x043f0000)
 tenured generation   total 10944K, used 5863K [0x09470000, 0x09f20000, 0x13f20000)
   the space 10944K,  53% used [0x09470000, 0x09a29e80, 0x09a2a000, 0x09f20000)
 compacting perm gen  total 12800K, used 12755K [0x13f20000, 0x14ba0000, 0x17f20000)
   the space 12800K,  99% used [0x13f20000, 0x14b94e50, 0x14b95000, 0x14ba0000)
No shared spaces configured.
}

